-------------------------------------------------------------------------------
Test set: Runner.TesterRunner
-------------------------------------------------------------------------------
Tests run: 3, Failures: 0, Errors: 3, Skipped: 0, Time elapsed: 17.14 s <<< FAILURE! -- in Runner.TesterRunner
About Testers.I am a manual tester -- Time elapsed: 6.713 s <<< ERROR!
io.cucumber.junit.UndefinedStepException: 
The step 'I am a "manual" tester' and 4 other step(s) are undefined.
You can implement these steps using the snippet(s) below:

@Given("I am a {string} tester")
public void i_am_a_tester(String string) {
    // Write code here that turns the phrase above into concrete actions
    throw new io.cucumber.java.PendingException();
}
@When("I apply for a job")
public void i_apply_for_a_job() {
    // Write code here that turns the phrase above into concrete actions
    throw new io.cucumber.java.PendingException();
}
@Then("I got {string} paid job")
public void i_got_paid_job(String string) {
    // Write code here that turns the phrase above into concrete actions
    throw new io.cucumber.java.PendingException();
}
@Then("I am {string} satisfied with my salary")
public void i_am_satisfied_with_my_salary(String string) {
    // Write code here that turns the phrase above into concrete actions
    throw new io.cucumber.java.PendingException();
}
@Then("my parents are {string} satisfied")
public void my_parents_are_satisfied(String string) {
    // Write code here that turns the phrase above into concrete actions
    throw new io.cucumber.java.PendingException();
}


About Testers.I am a automation tester #1 -- Time elapsed: 5.110 s <<< ERROR!
io.cucumber.junit.UndefinedStepException: 
The step 'I am a "Automation" tester' and 4 other step(s) are undefined.
You can implement these steps using the snippet(s) below:

@Given("I am a {string} tester")
public void i_am_a_tester(String string) {
    // Write code here that turns the phrase above into concrete actions
    throw new io.cucumber.java.PendingException();
}
@When("I apply for a job")
public void i_apply_for_a_job() {
    // Write code here that turns the phrase above into concrete actions
    throw new io.cucumber.java.PendingException();
}
@Then("I got {string} paid job")
public void i_got_paid_job(String string) {
    // Write code here that turns the phrase above into concrete actions
    throw new io.cucumber.java.PendingException();
}
@Then("I am {string} satisfied with my salary")
public void i_am_satisfied_with_my_salary(String string) {
    // Write code here that turns the phrase above into concrete actions
    throw new io.cucumber.java.PendingException();
}
@Then("my parents are {string} satisfied")
public void my_parents_are_satisfied(String string) {
    // Write code here that turns the phrase above into concrete actions
    throw new io.cucumber.java.PendingException();
}


About Testers.I am a automation tester #2 -- Time elapsed: 5.135 s <<< ERROR!
io.cucumber.junit.UndefinedStepException: 
The step 'I am a "API" tester' and 4 other step(s) are undefined.
You can implement these steps using the snippet(s) below:

@Given("I am a {string} tester")
public void i_am_a_tester(String string) {
    // Write code here that turns the phrase above into concrete actions
    throw new io.cucumber.java.PendingException();
}
@When("I apply for a job")
public void i_apply_for_a_job() {
    // Write code here that turns the phrase above into concrete actions
    throw new io.cucumber.java.PendingException();
}
@Then("I got {string} paid job")
public void i_got_paid_job(String string) {
    // Write code here that turns the phrase above into concrete actions
    throw new io.cucumber.java.PendingException();
}
@Then("I am {string} satisfied with my salary")
public void i_am_satisfied_with_my_salary(String string) {
    // Write code here that turns the phrase above into concrete actions
    throw new io.cucumber.java.PendingException();
}
@Then("my parents are {string} satisfied")
public void my_parents_are_satisfied(String string) {
    // Write code here that turns the phrase above into concrete actions
    throw new io.cucumber.java.PendingException();
}


