<?xml version="1.0" encoding="UTF-8"?>
<testsuite xmlns:xsi="http://www.w3.org/2001/XMLSchema-instance" xsi:noNamespaceSchemaLocation="https://maven.apache.org/surefire/maven-surefire-plugin/xsd/surefire-test-report-3.0.xsd" version="3.0" name="Runner.TesterRunner" time="17.138" tests="3" errors="3" skipped="0" failures="0">
  <properties>
[...]
</properties>
  <testcase name="I am a manual tester" classname="About Testers" time="6.713">
    <error message="The step &apos;I am a &quot;manual&quot; tester&apos; and 4 other step(s) are undefined.&#10;You can implement these steps using the snippet(s) below:&#10;&#10;@Given(&quot;I am a {string} tester&quot;)&#10;public void i_am_a_tester(String string) {&#10;    // Write code here that turns the phrase above into concrete actions&#10;    throw new io.cucumber.java.PendingException();&#10;}&#10;@When(&quot;I apply for a job&quot;)&#10;public void i_apply_for_a_job() {&#10;    // Write code here that turns the phrase above into concrete actions&#10;    throw new io.cucumber.java.PendingException();&#10;}&#10;@Then(&quot;I got {string} paid job&quot;)&#10;public void i_got_paid_job(String string) {&#10;    // Write code here that turns the phrase above into concrete actions&#10;    throw new io.cucumber.java.PendingException();&#10;}&#10;@Then(&quot;I am {string} satisfied with my salary&quot;)&#10;public void i_am_satisfied_with_my_salary(String string) {&#10;    // Write code here that turns the phrase above into concrete actions&#10;    throw new io.cucumber.java.PendingException();&#10;}&#10;@Then(&quot;my parents are {string} satisfied&quot;)&#10;public void my_parents_are_satisfied(String string) {&#10;    // Write code here that turns the phrase above into concrete actions&#10;    throw new io.cucumber.java.PendingException();&#10;}&#10;" type="io.cucumber.junit.UndefinedStepException"><![CDATA[io.cucumber.junit.UndefinedStepException: 
The step 'I am a "manual" tester' and 4 other step(s) are undefined.
You can implement these steps using the snippet(s) below:

@Given("I am a {string} tester")
public void i_am_a_tester(String string) {
    // Write code here that turns the phrase above into concrete actions
    throw new io.cucumber.java.PendingException();
}
@When("I apply for a job")
public void i_apply_for_a_job() {
    // Write code here that turns the phrase above into concrete actions
    throw new io.cucumber.java.PendingException();
}
@Then("I got {string} paid job")
public void i_got_paid_job(String string) {
    // Write code here that turns the phrase above into concrete actions
    throw new io.cucumber.java.PendingException();
}
@Then("I am {string} satisfied with my salary")
public void i_am_satisfied_with_my_salary(String string) {
    // Write code here that turns the phrase above into concrete actions
    throw new io.cucumber.java.PendingException();
}
@Then("my parents are {string} satisfied")
public void my_parents_are_satisfied(String string) {
    // Write code here that turns the phrase above into concrete actions
    throw new io.cucumber.java.PendingException();
}

]]></error>
    <system-out><![CDATA[Launching browser...
Closing browser...
]]></system-out>
    <system-err><![CDATA[Jun 17, 2026 11:05:15 AM org.openqa.selenium.devtools.CdpVersionFinder findNearestMatch
WARNING: Unable to find an exact match for CDP version 149, returning the closest version; found: 148; Please update to a Selenium version that supports CDP version 149
]]></system-err>
  </testcase>
  <testcase name="I am a automation tester #1" classname="About Testers" time="5.11">
    <error message="The step &apos;I am a &quot;Automation&quot; tester&apos; and 4 other step(s) are undefined.&#10;You can implement these steps using the snippet(s) below:&#10;&#10;@Given(&quot;I am a {string} tester&quot;)&#10;public void i_am_a_tester(String string) {&#10;    // Write code here that turns the phrase above into concrete actions&#10;    throw new io.cucumber.java.PendingException();&#10;}&#10;@When(&quot;I apply for a job&quot;)&#10;public void i_apply_for_a_job() {&#10;    // Write code here that turns the phrase above into concrete actions&#10;    throw new io.cucumber.java.PendingException();&#10;}&#10;@Then(&quot;I got {string} paid job&quot;)&#10;public void i_got_paid_job(String string) {&#10;    // Write code here that turns the phrase above into concrete actions&#10;    throw new io.cucumber.java.PendingException();&#10;}&#10;@Then(&quot;I am {string} satisfied with my salary&quot;)&#10;public void i_am_satisfied_with_my_salary(String string) {&#10;    // Write code here that turns the phrase above into concrete actions&#10;    throw new io.cucumber.java.PendingException();&#10;}&#10;@Then(&quot;my parents are {string} satisfied&quot;)&#10;public void my_parents_are_satisfied(String string) {&#10;    // Write code here that turns the phrase above into concrete actions&#10;    throw new io.cucumber.java.PendingException();&#10;}&#10;" type="io.cucumber.junit.UndefinedStepException"><![CDATA[io.cucumber.junit.UndefinedStepException: 
The step 'I am a "Automation" tester' and 4 other step(s) are undefined.
You can implement these steps using the snippet(s) below:

@Given("I am a {string} tester")
public void i_am_a_tester(String string) {
    // Write code here that turns the phrase above into concrete actions
    throw new io.cucumber.java.PendingException();
}
@When("I apply for a job")
public void i_apply_for_a_job() {
    // Write code here that turns the phrase above into concrete actions
    throw new io.cucumber.java.PendingException();
}
@Then("I got {string} paid job")
public void i_got_paid_job(String string) {
    // Write code here that turns the phrase above into concrete actions
    throw new io.cucumber.java.PendingException();
}
@Then("I am {string} satisfied with my salary")
public void i_am_satisfied_with_my_salary(String string) {
    // Write code here that turns the phrase above into concrete actions
    throw new io.cucumber.java.PendingException();
}
@Then("my parents are {string} satisfied")
public void my_parents_are_satisfied(String string) {
    // Write code here that turns the phrase above into concrete actions
    throw new io.cucumber.java.PendingException();
}

]]></error>
    <system-out><![CDATA[Launching browser...
Closing browser...
]]></system-out>
    <system-err><![CDATA[Jun 17, 2026 11:05:21 AM org.openqa.selenium.devtools.CdpVersionFinder findNearestMatch
WARNING: Unable to find an exact match for CDP version 149, returning the closest version; found: 148; Please update to a Selenium version that supports CDP version 149
]]></system-err>
  </testcase>
  <testcase name="I am a automation tester #2" classname="About Testers" time="5.135">
    <error message="The step &apos;I am a &quot;API&quot; tester&apos; and 4 other step(s) are undefined.&#10;You can implement these steps using the snippet(s) below:&#10;&#10;@Given(&quot;I am a {string} tester&quot;)&#10;public void i_am_a_tester(String string) {&#10;    // Write code here that turns the phrase above into concrete actions&#10;    throw new io.cucumber.java.PendingException();&#10;}&#10;@When(&quot;I apply for a job&quot;)&#10;public void i_apply_for_a_job() {&#10;    // Write code here that turns the phrase above into concrete actions&#10;    throw new io.cucumber.java.PendingException();&#10;}&#10;@Then(&quot;I got {string} paid job&quot;)&#10;public void i_got_paid_job(String string) {&#10;    // Write code here that turns the phrase above into concrete actions&#10;    throw new io.cucumber.java.PendingException();&#10;}&#10;@Then(&quot;I am {string} satisfied with my salary&quot;)&#10;public void i_am_satisfied_with_my_salary(String string) {&#10;    // Write code here that turns the phrase above into concrete actions&#10;    throw new io.cucumber.java.PendingException();&#10;}&#10;@Then(&quot;my parents are {string} satisfied&quot;)&#10;public void my_parents_are_satisfied(String string) {&#10;    // Write code here that turns the phrase above into concrete actions&#10;    throw new io.cucumber.java.PendingException();&#10;}&#10;" type="io.cucumber.junit.UndefinedStepException"><![CDATA[io.cucumber.junit.UndefinedStepException: 
The step 'I am a "API" tester' and 4 other step(s) are undefined.
You can implement these steps using the snippet(s) below:

@Given("I am a {string} tester")
public void i_am_a_tester(String string) {
    // Write code here that turns the phrase above into concrete actions
    throw new io.cucumber.java.PendingException();
}
@When("I apply for a job")
public void i_apply_for_a_job() {
    // Write code here that turns the phrase above into concrete actions
    throw new io.cucumber.java.PendingException();
}
@Then("I got {string} paid job")
public void i_got_paid_job(String string) {
    // Write code here that turns the phrase above into concrete actions
    throw new io.cucumber.java.PendingException();
}
@Then("I am {string} satisfied with my salary")
public void i_am_satisfied_with_my_salary(String string) {
    // Write code here that turns the phrase above into concrete actions
    throw new io.cucumber.java.PendingException();
}
@Then("my parents are {string} satisfied")
public void my_parents_are_satisfied(String string) {
    // Write code here that turns the phrase above into concrete actions
    throw new io.cucumber.java.PendingException();
}

]]></error>
    <system-out><![CDATA[Launching browser...
Closing browser...
]]></system-out>
    <system-err><![CDATA[Jun 17, 2026 11:05:26 AM org.openqa.selenium.devtools.CdpVersionFinder findNearestMatch
WARNING: Unable to find an exact match for CDP version 149, returning the closest version; found: 148; Please update to a Selenium version that supports CDP version 149
]]></system-err>
  </testcase>
</testsuite>