<?xml version="1.0" encoding="UTF-8"?>
<testng-results ignored="0" total="1" passed="1" failed="0" skipped="0">
  <reporter-output>
  </reporter-output>
  <suite started-at="2026-06-17T21:45:46 IST" name="Default suite" finished-at="2026-06-17T21:45:50 IST" duration-ms="3727">
    <groups>
    </groups>
    <test started-at="2026-06-17T21:45:46 IST" name="Default test" finished-at="2026-06-17T21:45:50 IST" duration-ms="3727">
      <class name="DemoMaven.MathSeleniumTest">
        <test-method signature="testMathAndBrowser()[pri:0, instance:DemoMaven.MathSeleniumTest@66d18979]" started-at="2026-06-17T21:45:46 IST" name="testMathAndBrowser" finished-at="2026-06-17T21:45:50 IST" duration-ms="3679" status="PASS">
          <reporter-output>
          </reporter-output>
        </test-method> <!-- testMathAndBrowser -->
      </class> <!-- DemoMaven.MathSeleniumTest -->
    </test> <!-- Default test -->
  </suite> <!-- Default suite -->
</testng-results>
