<?xml version="1.0" encoding="UTF-8"?>
<!-- Generated by org.testng.reporters.JUnitReportReporter -->
<testsuite hostname="APL-6JXWT24" failures="0" tests="2" name="PageObjectModel.OrangeHrmlTC1" time="22.266" errors="0" timestamp="2026-06-07T15:37:41 IST" skipped="0">
  <testcase classname="PageObjectModel.OrangeHrmlTC1" name="OrangeHrmTC2" time="9.888"/>
  <testcase classname="PageObjectModel.OrangeHrmlTC1" name="OrangeHrmTC1" time="12.378"/>
</testsuite> <!-- PageObjectModel.OrangeHrmlTC1 -->
